<?xml version="1.0" encoding="UTF-8"?>
<!-- Generated by org.testng.reporters.JUnitXMLReporter -->
<testsuite ignored="3" hostname="NPC" failures="0" tests="1" name="Test" time="16.906" errors="0" timestamp="20 Jun. 2024 17:44:38 GMT">
  <testcase classname="test.LoginTest" name="validUserShouldBeAbleToLogin" time="16.865"/>
  <testcase classname="test.LoginTest" name="validateAlertPopup" time="0.0">
    <ignored/>
  </testcase> <!-- validateAlertPopup -->
  <testcase classname="test.AddCustomerTest" name="userShouldBeAbleToCreateNewCustomer" time="0.0">
    <ignored/>
  </testcase> <!-- userShouldBeAbleToCreateNewCustomer -->
  <testcase classname="test.ListCustomerTest" name="userShouldBeAbleToEditAndViewCustomer" time="0.0">
    <ignored/>
  </testcase> <!-- userShouldBeAbleToEditAndViewCustomer -->
</testsuite> <!-- Test -->
