<?xml version="1.0" encoding="UTF-8"?>
<testsuite xmlns:xsi="http://www.w3.org/2001/XMLSchema-instance" xsi:schemaLocation="https://maven.apache.org/surefire/maven-surefire-plugin/xsd/surefire-test-report.xsd" name="TestSuite" time="0.482" tests="3" errors="0" skipped="0" failures="3">
  <properties>
[...]
</properties>
  <testcase name="userShouldBeAbleToCreateNewCustomer" classname="test.AddCustomerTest" time="0.087">
    <failure message="The driver executable does not exist: C:\Users\clair\OneDrive\Desktop\Selenium\JsonProjet\drivers\chromedriver.exe" type="java.lang.IllegalStateException">java.lang.IllegalStateException: The driver executable does not exist: C:\Users\clair\OneDrive\Desktop\Selenium\JsonProjet\drivers\chromedriver.exe
	at test.AddCustomerTest.userShouldBeAbleToCreateNewCustomer(AddCustomerTest.java:36)
</failure>
    <system-out><![CDATA[Browser used: chrome
]]></system-out>
  </testcase>
  <testcase name="validUserShouldBeAbleToLogin" classname="test.LoginTest" time="0.004">
    <failure message="The driver executable does not exist: C:\Users\clair\OneDrive\Desktop\Selenium\JsonProjet\drivers\chromedriver.exe" type="java.lang.IllegalStateException">java.lang.IllegalStateException: The driver executable does not exist: C:\Users\clair\OneDrive\Desktop\Selenium\JsonProjet\drivers\chromedriver.exe
	at test.LoginTest.validUserShouldBeAbleToLogin(LoginTest.java:26)
</failure>
    <system-out><![CDATA[Browser used: chrome
]]></system-out>
  </testcase>
  <testcase name="validateAlertPopup" classname="test.LoginTest" time="0.004">
    <failure message="The driver executable does not exist: C:\Users\clair\OneDrive\Desktop\Selenium\JsonProjet\drivers\chromedriver.exe" type="java.lang.IllegalStateException">java.lang.IllegalStateException: The driver executable does not exist: C:\Users\clair\OneDrive\Desktop\Selenium\JsonProjet\drivers\chromedriver.exe
	at test.LoginTest.validateAlertPopup(LoginTest.java:41)
</failure>
    <system-out><![CDATA[Browser used: chrome
]]></system-out>
  </testcase>
</testsuite>